<?xml version="1.0" encoding="UTF-8" ?>
<testsuite errors="0" failures="0" hostname="adichad-nb" name="com.adichad.lucense.analysis.component.filter.ControlledPluralsInvertingStemFilterSourceTest" tests="1" time="0.187" timestamp="2011-12-04T04:20:00">
  <properties>
[...]
</properties>
  <testcase classname="com.adichad.lucense.analysis.component.filter.ControlledPluralsInvertingStemFilterSourceTest" name="testGetTokenStream" time="0.117" />
  <system-out><![CDATA[WARN   <init>, Blacklist file not found: java.io.FileNotFoundException: /tmp/data/c.txt (No such file or directory)
]]></system-out>
  <system-err><![CDATA[]]></system-err>
</testsuite>
