<?xml version="1.0" encoding="UTF-8" ?>
<testsuites>
  <testsuite errors="0" failures="0" hostname="adichad-nb" id="0" name="AnalyzerFactoryTest" package="com.adichad.lucense.analysis" tests="2" time="0.177" timestamp="2011-12-04T04:19:53">
      <properties>
[...]
</properties>

      <testcase classname="com.adichad.lucense.analysis.AnalyzerFactoryTest" name="testCreateAnalyzer" time="0.106" />

      <testcase classname="com.adichad.lucense.analysis.AnalyzerFactoryTest" name="testCreateNestedAnalyzer" time="0.0010" />

      <system-out />

      <system-err />

  </testsuite>
  <testsuite errors="0" failures="0" hostname="adichad-nb" id="1" name="CustomizedAnalyzerTest" package="com.adichad.lucense.analysis" tests="1" time="0.188" timestamp="2011-12-04T04:19:55">
      <properties>
[...]
</properties>

      <testcase classname="com.adichad.lucense.analysis.CustomizedAnalyzerTest" name="testTokenStream" time="0.12" />

      <system-out />

      <system-err />

  </testsuite>
  <testsuite errors="0" failures="0" hostname="adichad-nb" id="2" name="AnalyzerComponentFactoryTest" package="com.adichad.lucense.analysis.component" tests="2" time="0.204" timestamp="2011-12-04T04:19:58">
      <properties>
[...]
</properties>

      <testcase classname="com.adichad.lucense.analysis.component.AnalyzerComponentFactoryTest" name="testGetTokenStreamSource" time="0.084" />

      <testcase classname="com.adichad.lucense.analysis.component.AnalyzerComponentFactoryTest" name="testTokenFilterSource" time="0.049" />

      <system-out><![CDATA[WARN   getTokenFilterSource, Stopwords file not found: java.io.FileNotFoundException: /tmp/data/c.txt (No such file or directory)
WARN   getTokenFilterSource, 
WARN   getTokenFilterSource, Synonyms file not found: java.io.FileNotFoundException: /tmp/data/c.txt (No such file or directory)
WARN   getTokenFilterSource, 1
]]></system-out>

      <system-err />

  </testsuite>
  <testsuite errors="0" failures="0" hostname="adichad-nb" id="3" name="ControlledPluralsInvertingStemFilterSourceTest" package="com.adichad.lucense.analysis.component.filter" tests="1" time="0.187" timestamp="2011-12-04T04:20:00">
      <properties>
[...]
</properties>

      <testcase classname="com.adichad.lucense.analysis.component.filter.ControlledPluralsInvertingStemFilterSourceTest" name="testGetTokenStream" time="0.117" />

      <system-out><![CDATA[WARN   <init>, Blacklist file not found: java.io.FileNotFoundException: /tmp/data/c.txt (No such file or directory)
]]></system-out>

      <system-err />

  </testsuite>
  <testsuite errors="0" failures="0" hostname="adichad-nb" id="4" name="ControlledPluralsStemFilterSourceTest" package="com.adichad.lucense.analysis.component.filter" tests="1" time="0.182" timestamp="2011-12-04T04:20:02">
      <properties>
[...]
</properties>

      <testcase classname="com.adichad.lucense.analysis.component.filter.ControlledPluralsStemFilterSourceTest" name="testGetTokenStream" time="0.113" />

      <system-out><![CDATA[WARN   <init>, Blacklist file not found: java.io.FileNotFoundException: /tmp/data/c.txt (No such file or directory)
]]></system-out>

      <system-err />

  </testsuite>
  <testsuite errors="0" failures="0" hostname="adichad-nb" id="5" name="ControlledPresentParticipleInvertingStemFilterSourceTest" package="com.adichad.lucense.analysis.component.filter" tests="1" time="0.188" timestamp="2011-12-04T04:20:05">
      <properties>
[...]
</properties>

      <testcase classname="com.adichad.lucense.analysis.component.filter.ControlledPresentParticipleInvertingStemFilterSourceTest" name="testGetTokenStream" time="0.122" />

      <system-out><![CDATA[WARN   <init>, Blacklist file not found: java.io.FileNotFoundException: /tmp/data/c.txt (No such file or directory)
]]></system-out>

      <system-err />

  </testsuite>
  <testsuite errors="0" failures="0" hostname="adichad-nb" id="6" name="ControlledPresentParticipleStemFilterSourceTest" package="com.adichad.lucense.analysis.component.filter" tests="1" time="0.183" timestamp="2011-12-04T04:20:07">
      <properties>
[...]
</properties>

      <testcase classname="com.adichad.lucense.analysis.component.filter.ControlledPresentParticipleStemFilterSourceTest" name="testGetTokenStream" time="0.115" />

      <system-out><![CDATA[WARN   <init>, Blacklist file not found: java.io.FileNotFoundException: /tmp/data/c.txt (No such file or directory)
]]></system-out>

      <system-err />

  </testsuite>
  <testsuite errors="1" failures="0" hostname="adichad-nb" id="7" name="InvertingReplacingSynonymFilterSourceTest" package="com.adichad.lucense.analysis.component.filter" tests="1" time="0.118" timestamp="2011-12-04T04:20:09">
      <properties>
[...]
</properties>

      <testcase classname="com.adichad.lucense.analysis.component.filter.InvertingReplacingSynonymFilterSourceTest" name="testGetTokenStream" time="0.05">
          <error message="Illegal UTF8 string in constant pool in class file com/adichad/lucense/analysis/synonym/InvertingReplacingSynonymFilter" type="java.lang.ClassFormatError">java.lang.ClassFormatError: Illegal UTF8 string in constant pool in class file com/adichad/lucense/analysis/synonym/InvertingReplacingSynonymFilter
	at java.lang.ClassLoader.defineClass1(Native Method)
	at java.lang.ClassLoader.defineClassCond(ClassLoader.java:631)
	at java.lang.ClassLoader.defineClass(ClassLoader.java:615)
	at java.security.SecureClassLoader.defineClass(SecureClassLoader.java:141)
	at java.net.URLClassLoader.defineClass(URLClassLoader.java:283)
	at java.net.URLClassLoader.access$000(URLClassLoader.java:58)
	at java.net.URLClassLoader$1.run(URLClassLoader.java:197)
	at java.security.AccessController.doPrivileged(Native Method)
	at java.net.URLClassLoader.findClass(URLClassLoader.java:190)
	at java.lang.ClassLoader.loadClass(ClassLoader.java:306)
	at sun.misc.Launcher$AppClassLoader.loadClass(Launcher.java:301)
	at java.lang.ClassLoader.loadClass(ClassLoader.java:247)
	at com.adichad.lucense.analysis.component.filter.InvertingReplacingSynonymFilterSourceTest.testGetTokenStream(InvertingReplacingSynonymFilterSourceTest.java:36)
</error>

      </testcase>

      <system-out />

      <system-err />

  </testsuite>
  <testsuite errors="0" failures="0" hostname="adichad-nb" id="8" name="LowerCaseFilterSourceTest" package="com.adichad.lucense.analysis.component.filter" tests="1" time="0.111" timestamp="2011-12-04T04:20:12">
      <properties>
[...]
</properties>

      <testcase classname="com.adichad.lucense.analysis.component.filter.LowerCaseFilterSourceTest" name="testGetTokenStream" time="0.039" />

      <system-out />

      <system-err />

  </testsuite>
  <testsuite errors="0" failures="0" hostname="adichad-nb" id="9" name="PhoneticFilterSourceTest" package="com.adichad.lucense.analysis.component.filter" tests="1" time="0.126" timestamp="2011-12-04T04:20:14">
      <properties>
[...]
</properties>

      <testcase classname="com.adichad.lucense.analysis.component.filter.PhoneticFilterSourceTest" name="testGetTokenStream" time="0.05" />

      <system-out />

      <system-err />

  </testsuite>
  <testsuite errors="0" failures="0" hostname="adichad-nb" id="10" name="PorterStemFilterSourceTest" package="com.adichad.lucense.analysis.component.filter" tests="1" time="0.111" timestamp="2011-12-04T04:20:16">
      <properties>
[...]
</properties>

      <testcase classname="com.adichad.lucense.analysis.component.filter.PorterStemFilterSourceTest" name="testGetTokenStream" time="0.043" />

      <system-out />

      <system-err />

  </testsuite>
  <testsuite errors="1" failures="0" hostname="adichad-nb" id="11" name="ShingleFilterSourceTest" package="com.adichad.lucense.analysis.component.filter" tests="1" time="0.143" timestamp="2011-12-04T04:20:18">
      <properties>
[...]
</properties>

      <testcase classname="com.adichad.lucense.analysis.component.filter.ShingleFilterSourceTest" name="testGetTokenStream" time="0.051">
          <error message="Shingles of sizes less than 2 are just plain terms, foo!" type="java.lang.IllegalArgumentException">java.lang.IllegalArgumentException: Shingles of sizes less than 2 are just plain terms, foo!
	at com.adichad.lucense.analysis.component.filter.ShingleFilterSource.&lt;init&gt;(ShingleFilterSource.java:13)
	at com.adichad.lucense.analysis.component.filter.ShingleFilterSourceTest.testGetTokenStream(ShingleFilterSourceTest.java:55)
</error>

      </testcase>

      <system-out />

      <system-err />

  </testsuite>
  <testsuite errors="0" failures="0" hostname="adichad-nb" id="12" name="StopFilterSourceTest" package="com.adichad.lucense.analysis.component.filter" tests="1" time="0.129" timestamp="2011-12-04T04:20:21">
      <properties>
[...]
</properties>

      <testcase classname="com.adichad.lucense.analysis.component.filter.StopFilterSourceTest" name="testGetTokenStream" time="0.053" />

      <system-out />

      <system-err />

  </testsuite>
  <testsuite errors="0" failures="0" hostname="adichad-nb" id="13" name="SynonymFilterSourceTest" package="com.adichad.lucense.analysis.component.filter" tests="1" time="0.163" timestamp="2011-12-04T04:20:23">
      <properties>
[...]
</properties>

      <testcase classname="com.adichad.lucense.analysis.component.filter.SynonymFilterSourceTest" name="testGetTokenStream" time="0.048" />

      <system-out />

      <system-err />

  </testsuite>
  <testsuite errors="0" failures="0" hostname="adichad-nb" id="14" name="CharTokenizerSourceTest" package="com.adichad.lucense.analysis.component.tokenizer" tests="1" time="0.13" timestamp="2011-12-04T04:20:25">
      <properties>
[...]
</properties>

      <testcase classname="com.adichad.lucense.analysis.component.tokenizer.CharTokenizerSourceTest" name="testGetTokenStream" time="0.037" />

      <system-out />

      <system-err />

  </testsuite>
  <testsuite errors="0" failures="0" hostname="adichad-nb" id="15" name="PatternTokenizerSourceTest" package="com.adichad.lucense.analysis.component.tokenizer" tests="1" time="0.102" timestamp="2011-12-04T04:20:27">
      <properties>
[...]
</properties>

      <testcase classname="com.adichad.lucense.analysis.component.tokenizer.PatternTokenizerSourceTest" name="testGetTokenStream" time="0.032" />

      <system-out />

      <system-err />

  </testsuite>
  <testsuite errors="0" failures="0" hostname="adichad-nb" id="16" name="StandardTokenizerSourceTest" package="com.adichad.lucense.analysis.component.tokenizer" tests="1" time="0.111" timestamp="2011-12-04T04:20:30">
      <properties>
[...]
</properties>

      <testcase classname="com.adichad.lucense.analysis.component.tokenizer.StandardTokenizerSourceTest" name="testGetTokenStream" time="0.042" />

      <system-out />

      <system-err />

  </testsuite>
  <testsuite errors="0" failures="0" hostname="adichad-nb" id="17" name="TokenizingCharsetTokenizerSourceTest" package="com.adichad.lucense.analysis.component.tokenizer" tests="1" time="0.11" timestamp="2011-12-04T04:20:32">
      <properties>
[...]
</properties>

      <testcase classname="com.adichad.lucense.analysis.component.tokenizer.TokenizingCharsetTokenizerSourceTest" name="testGetTokenStream" time="0.042" />

      <system-out />

      <system-err />

  </testsuite>
  <testsuite errors="0" failures="0" hostname="adichad-nb" id="18" name="WhitespaceTokenizerSourceTest" package="com.adichad.lucense.analysis.component.tokenizer" tests="1" time="0.115" timestamp="2011-12-04T04:20:34">
      <properties>
[...]
</properties>

      <testcase classname="com.adichad.lucense.analysis.component.tokenizer.WhitespaceTokenizerSourceTest" name="testGetTokenStream" time="0.037" />

      <system-out />

      <system-err />

  </testsuite>
  <testsuite errors="0" failures="0" hostname="adichad-nb" id="19" name="MySQLPreparedStatementTest" package="com.adichad.lucense.connection.db" tests="4" time="0.57" timestamp="2011-12-04T04:20:37">
      <properties>
[...]
</properties>

      <testcase classname="com.adichad.lucense.connection.db.MySQLPreparedStatementTest" name="testPrepareStatementAfterReconnect" time="0.408" />

      <testcase classname="com.adichad.lucense.connection.db.MySQLPreparedStatementTest" name="testSetIntAfterReconnect" time="0.039" />

      <testcase classname="com.adichad.lucense.connection.db.MySQLPreparedStatementTest" name="testExecuteQueryAfterReconnect" time="0.028" />

      <testcase classname="com.adichad.lucense.connection.db.MySQLPreparedStatementTest" name="testResultSetTraversalAfterReconnect" time="0.026" />

      <system-out />

      <system-err><![CDATA[java.sql.SQLException: Operation not allowed after ResultSet closed
	at com.mysql.jdbc.SQLError.createSQLException(SQLError.java:1055)
	at com.mysql.jdbc.SQLError.createSQLException(SQLError.java:956)
	at com.mysql.jdbc.SQLError.createSQLException(SQLError.java:926)
	at com.mysql.jdbc.ResultSetImpl.checkClosed(ResultSetImpl.java:768)
	at com.mysql.jdbc.ResultSetImpl.next(ResultSetImpl.java:7008)
	at com.adichad.lucense.connection.db.MySQLPreparedStatementTest.testResultSetTraversalAfterReconnect(MySQLPreparedStatementTest.java:78)
	at sun.reflect.NativeMethodAccessorImpl.invoke0(Native Method)
	at sun.reflect.NativeMethodAccessorImpl.invoke(NativeMethodAccessorImpl.java:39)
	at sun.reflect.DelegatingMethodAccessorImpl.invoke(DelegatingMethodAccessorImpl.java:25)
	at java.lang.reflect.Method.invoke(Method.java:597)
	at org.junit.runners.model.FrameworkMethod$1.runReflectiveCall(FrameworkMethod.java:44)
	at org.junit.internal.runners.model.ReflectiveCallable.run(ReflectiveCallable.java:15)
	at org.junit.runners.model.FrameworkMethod.invokeExplosively(FrameworkMethod.java:41)
	at org.junit.internal.runners.statements.InvokeMethod.evaluate(InvokeMethod.java:20)
	at org.junit.internal.runners.statements.RunBefores.evaluate(RunBefores.java:28)
	at org.junit.internal.runners.statements.RunAfters.evaluate(RunAfters.java:31)
	at org.junit.runners.BlockJUnit4ClassRunner.runChild(BlockJUnit4ClassRunner.java:76)
	at org.junit.runners.BlockJUnit4ClassRunner.runChild(BlockJUnit4ClassRunner.java:50)
	at org.junit.runners.ParentRunner$3.run(ParentRunner.java:193)
	at org.junit.runners.ParentRunner$1.schedule(ParentRunner.java:52)
	at org.junit.runners.ParentRunner.runChildren(ParentRunner.java:191)
	at org.junit.runners.ParentRunner.access$000(ParentRunner.java:42)
	at org.junit.runners.ParentRunner$2.evaluate(ParentRunner.java:184)
	at org.junit.runners.ParentRunner.run(ParentRunner.java:236)
	at junit.framework.JUnit4TestAdapter.run(JUnit4TestAdapter.java:39)
	at org.apache.tools.ant.taskdefs.optional.junit.JUnitTestRunner.run(JUnitTestRunner.java:518)
	at org.apache.tools.ant.taskdefs.optional.junit.JUnitTestRunner.launch(JUnitTestRunner.java:1052)
	at org.apache.tools.ant.taskdefs.optional.junit.JUnitTestRunner.main(JUnitTestRunner.java:906)
]]></system-err>

  </testsuite>
  <testsuite errors="0" failures="0" hostname="adichad-nb" id="20" name="ExpressionParsingTest" package="com.adichad.lucense.expression" tests="1" time="0.332" timestamp="2011-12-04T04:20:39">
      <properties>
[...]
</properties>

      <testcase classname="com.adichad.lucense.expression.ExpressionParsingTest" name="testGetExpressionTreeFromString" time="0.264" />

      <system-out />

      <system-err />

  </testsuite>
  <testsuite errors="0" failures="1" hostname="adichad-nb" id="21" name="IndexWriteActionTest" package="com.adichad.lucense.resource" tests="1" time="0.239" timestamp="2011-12-04T04:20:42">
      <properties>
[...]
</properties>

      <testcase classname="com.adichad.lucense.resource.IndexWriteActionTest" name="testExecute" time="0.173">
          <failure message="caught unexpected exception: java.lang.NullPointerException" type="junit.framework.AssertionFailedError">junit.framework.AssertionFailedError: caught unexpected exception: java.lang.NullPointerException
	at com.adichad.lucense.resource.IndexWriteActionTest.testExecute(IndexWriteActionTest.java:46)
</failure>

      </testcase>

      <system-out />

      <system-err />

  </testsuite>
</testsuites>
